INFO 2025-11-06 22:09:04,188 serializers ============================================================
INFO 2025-11-06 22:09:04,212 serializers UID recibido: OQ
INFO 2025-11-06 22:09:04,212 serializers Token recibido: cyv9gq-48b68f18c76673fc9be11812b0f3d481
INFO 2025-11-06 22:10:18,908 serializers ============================================================
INFO 2025-11-06 22:10:18,929 serializers UID recibido: OQ
INFO 2025-11-06 22:10:18,930 serializers Token recibido: cyv9gq-48b68f18c76673fc9be11812b0f3d481
INFO 2025-11-06 22:46:35,938 serializers ============================================================
INFO 2025-11-06 22:46:35,942 serializers INICIO VALIDACION RESET DE CONTRASENA
INFO 2025-11-06 22:46:35,942 serializers UID recibido: OQ
INFO 2025-11-06 22:46:35,943 serializers Token recibido: cyvb8m-20bbbae9d184ece6e0bc272320f804c1
INFO 2025-11-06 22:46:35,944 serializers UID decodificado correctamente: 9
INFO 2025-11-06 22:46:35,954 serializers Usuario encontrado: alicia.norambuena@inacapmail.cl (ID: 9)
INFO 2025-11-06 22:46:35,957 serializers Token valido: True
INFO 2025-11-06 22:48:25,184 serializers ============================================================
INFO 2025-11-06 22:48:25,185 serializers INICIO VALIDACION RESET DE CONTRASENA
INFO 2025-11-06 22:48:25,185 serializers UID recibido: OQ
INFO 2025-11-06 22:48:25,186 serializers Token recibido: cyvbbx-1e74dbe66d968c5d2112096646feddee
INFO 2025-11-06 22:48:25,186 serializers UID decodificado correctamente: 9
INFO 2025-11-06 22:48:25,189 serializers Usuario encontrado: alicia.norambuena@inacapmail.cl (ID: 9)
INFO 2025-11-06 22:48:25,189 serializers Token valido: True
